This file contains any messages produced by compilers while
running configure, to aid debugging if configure makes a mistake.

It was created by scj configure 0.7.0, which was
generated by GNU Autoconf 2.65.  Invocation command line was

  $ ./configure 

## --------- ##
## Platform. ##
## --------- ##

hostname = sharpay
uname -m = x86_64
uname -r = 2.6.34.7-56.fc13.x86_64
uname -s = Linux
uname -v = #1 SMP Wed Sep 15 03:36:55 UTC 2010

/usr/bin/uname -p = unknown
/bin/uname -X     = unknown

/bin/arch              = x86_64
/usr/bin/arch -k       = unknown
/usr/convex/getsysinfo = unknown
/usr/bin/hostinfo      = unknown
/bin/machine           = unknown
/usr/bin/oslevel       = unknown
/bin/universe          = unknown

PATH: /usr/lib64/qt-3.3/bin
PATH: /usr/kerberos/sbin
PATH: /usr/kerberos/bin
PATH: /usr/lib64/ccache
PATH: /usr/local/bin
PATH: /bin
PATH: /usr/bin
PATH: /usr/local/sbin
PATH: /usr/sbin
PATH: /sbin


## ----------- ##
## Core tests. ##
## ----------- ##

configure:1687: checking for a BSD-compatible install
configure:1755: result: /usr/bin/install -c
configure:1770: checking for java
configure:1797: result: java
configure:1814: checking for jar
configure:1841: result: jar
configure:1861: checking for javac
configure:1888: result: /home/wang/fivm/ecj/ecj
configure:2046: creating ./config.status

## ---------------------- ##
## Running config.status. ##
## ---------------------- ##

This file was extended by scj config.status 0.7.0, which was
generated by GNU Autoconf 2.65.  Invocation command line was

  CONFIG_FILES    = 
  CONFIG_HEADERS  = 
  CONFIG_LINKS    = 
  CONFIG_COMMANDS = 
  $ ./config.status 

on sharpay

config.status:723: creating Makefile
config.status:723: creating RealMakefile

## ---------------- ##
## Cache variables. ##
## ---------------- ##

ac_cv_env_build_alias_set=
ac_cv_env_build_alias_value=
ac_cv_env_host_alias_set=
ac_cv_env_host_alias_value=
ac_cv_env_target_alias_set=
ac_cv_env_target_alias_value=
ac_cv_path_install='/usr/bin/install -c'
ac_cv_prog_JAR=jar
ac_cv_prog_JAVA=java
ac_cv_prog_JAVAC=/home/wang/fivm/ecj/ecj

## ----------------- ##
## Output variables. ##
## ----------------- ##

DEFS='-DPACKAGE_NAME=\"scj\" -DPACKAGE_TARNAME=\"scj\" -DPACKAGE_VERSION=\"0.7.0\" -DPACKAGE_STRING=\"scj\ 0.7.0\" -DPACKAGE_BUGREPORT=\"pizlonator@gmail.com\" -DPACKAGE_URL=\"\"'
ECHO_C=''
ECHO_N='-n'
ECHO_T=''
INSTALL_DATA='${INSTALL} -m 644'
INSTALL_PROGRAM='${INSTALL}'
INSTALL_SCRIPT='${INSTALL}'
JAR='jar'
JAVA='java'
JAVAC='/home/wang/fivm/ecj/ecj'
LIBOBJS=''
LIBS=''
LTLIBOBJS=''
PACKAGE_BUGREPORT='pizlonator@gmail.com'
PACKAGE_NAME='scj'
PACKAGE_STRING='scj 0.7.0'
PACKAGE_TARNAME='scj'
PACKAGE_URL=''
PACKAGE_VERSION='0.7.0'
PATH_SEPARATOR=':'
SHELL='/bin/sh'
bindir='${exec_prefix}/bin'
build_alias=''
datadir='${datarootdir}'
datarootdir='${prefix}/share'
docdir='${datarootdir}/doc/${PACKAGE_TARNAME}'
dvidir='${docdir}'
exec_prefix='${prefix}'
host_alias=''
htmldir='${docdir}'
includedir='${prefix}/include'
infodir='${datarootdir}/info'
libdir='${exec_prefix}/lib'
libexecdir='${exec_prefix}/libexec'
localedir='${datarootdir}/locale'
localstatedir='${prefix}/var'
mandir='${datarootdir}/man'
oldincludedir='/usr/include'
pdfdir='${docdir}'
prefix='/usr/local'
program_transform_name='s,x,x,'
psdir='${docdir}'
sbindir='${exec_prefix}/sbin'
sharedstatedir='${prefix}/com'
sysconfdir='${prefix}/etc'
target_alias=''

## ----------- ##
## confdefs.h. ##
## ----------- ##

/* confdefs.h */
#define PACKAGE_NAME "scj"
#define PACKAGE_TARNAME "scj"
#define PACKAGE_VERSION "0.7.0"
#define PACKAGE_STRING "scj 0.7.0"
#define PACKAGE_BUGREPORT "pizlonator@gmail.com"
#define PACKAGE_URL ""

configure: exit 0

## ---------------------- ##
## Running config.status. ##
## ---------------------- ##

This file was extended by scj config.status 0.7.0, which was
generated by GNU Autoconf 2.65.  Invocation command line was

  CONFIG_FILES    = 
  CONFIG_HEADERS  = 
  CONFIG_LINKS    = 
  CONFIG_COMMANDS = 
  $ ./config.status 

on sharpay

config.status:723: creating Makefile
config.status:723: creating RealMakefile

## ---------------------- ##
## Running config.status. ##
## ---------------------- ##

This file was extended by scj config.status 0.7.0, which was
generated by GNU Autoconf 2.65.  Invocation command line was

  CONFIG_FILES    = 
  CONFIG_HEADERS  = 
  CONFIG_LINKS    = 
  CONFIG_COMMANDS = 
  $ ./config.status 

on sharpay

config.status:723: creating Makefile
config.status:723: creating RealMakefile

## ---------------------- ##
## Running config.status. ##
## ---------------------- ##

This file was extended by scj config.status 0.7.0, which was
generated by GNU Autoconf 2.65.  Invocation command line was

  CONFIG_FILES    = 
  CONFIG_HEADERS  = 
  CONFIG_LINKS    = 
  CONFIG_COMMANDS = 
  $ ./config.status 

on sharpay

config.status:723: creating Makefile
config.status:723: creating RealMakefile

## ---------------------- ##
## Running config.status. ##
## ---------------------- ##

This file was extended by scj config.status 0.7.0, which was
generated by GNU Autoconf 2.65.  Invocation command line was

  CONFIG_FILES    = 
  CONFIG_HEADERS  = 
  CONFIG_LINKS    = 
  CONFIG_COMMANDS = 
  $ ./config.status 

on sharpay

config.status:723: creating Makefile
config.status:723: creating RealMakefile

## ---------------------- ##
## Running config.status. ##
## ---------------------- ##

This file was extended by scj config.status 0.7.0, which was
generated by GNU Autoconf 2.65.  Invocation command line was

  CONFIG_FILES    = 
  CONFIG_HEADERS  = 
  CONFIG_LINKS    = 
  CONFIG_COMMANDS = 
  $ ./config.status 

on sharpay

config.status:723: creating Makefile
config.status:723: creating RealMakefile

## ---------------------- ##
## Running config.status. ##
## ---------------------- ##

This file was extended by scj config.status 0.7.0, which was
generated by GNU Autoconf 2.65.  Invocation command line was

  CONFIG_FILES    = 
  CONFIG_HEADERS  = 
  CONFIG_LINKS    = 
  CONFIG_COMMANDS = 
  $ ./config.status 

on sharpay

config.status:723: creating Makefile
config.status:723: creating RealMakefile

## ---------------------- ##
## Running config.status. ##
## ---------------------- ##

This file was extended by scj config.status 0.7.0, which was
generated by GNU Autoconf 2.65.  Invocation command line was

  CONFIG_FILES    = 
  CONFIG_HEADERS  = 
  CONFIG_LINKS    = 
  CONFIG_COMMANDS = 
  $ ./config.status 

on sharpay

config.status:723: creating Makefile
config.status:723: creating RealMakefile

## ---------------------- ##
## Running config.status. ##
## ---------------------- ##

This file was extended by scj config.status 0.7.0, which was
generated by GNU Autoconf 2.65.  Invocation command line was

  CONFIG_FILES    = 
  CONFIG_HEADERS  = 
  CONFIG_LINKS    = 
  CONFIG_COMMANDS = 
  $ ./config.status 

on sharpay

config.status:723: creating Makefile
config.status:723: creating RealMakefile

## ---------------------- ##
## Running config.status. ##
## ---------------------- ##

This file was extended by scj config.status 0.7.0, which was
generated by GNU Autoconf 2.65.  Invocation command line was

  CONFIG_FILES    = 
  CONFIG_HEADERS  = 
  CONFIG_LINKS    = 
  CONFIG_COMMANDS = 
  $ ./config.status 

on sharpay

config.status:723: creating Makefile
config.status:723: creating RealMakefile

## ---------------------- ##
## Running config.status. ##
## ---------------------- ##

This file was extended by scj config.status 0.7.0, which was
generated by GNU Autoconf 2.65.  Invocation command line was

  CONFIG_FILES    = 
  CONFIG_HEADERS  = 
  CONFIG_LINKS    = 
  CONFIG_COMMANDS = 
  $ ./config.status 

on sharpay

config.status:723: creating Makefile
config.status:723: creating RealMakefile

## ---------------------- ##
## Running config.status. ##
## ---------------------- ##

This file was extended by scj config.status 0.7.0, which was
generated by GNU Autoconf 2.65.  Invocation command line was

  CONFIG_FILES    = 
  CONFIG_HEADERS  = 
  CONFIG_LINKS    = 
  CONFIG_COMMANDS = 
  $ ./config.status 

on sharpay

config.status:723: creating Makefile
config.status:723: creating RealMakefile

## ---------------------- ##
## Running config.status. ##
## ---------------------- ##

This file was extended by scj config.status 0.7.0, which was
generated by GNU Autoconf 2.65.  Invocation command line was

  CONFIG_FILES    = 
  CONFIG_HEADERS  = 
  CONFIG_LINKS    = 
  CONFIG_COMMANDS = 
  $ ./config.status 

on sharpay

config.status:723: creating Makefile
config.status:723: creating RealMakefile

## ---------------------- ##
## Running config.status. ##
## ---------------------- ##

This file was extended by scj config.status 0.7.0, which was
generated by GNU Autoconf 2.65.  Invocation command line was

  CONFIG_FILES    = 
  CONFIG_HEADERS  = 
  CONFIG_LINKS    = 
  CONFIG_COMMANDS = 
  $ ./config.status 

on sharpay

config.status:723: creating Makefile
config.status:723: creating RealMakefile

## ---------------------- ##
## Running config.status. ##
## ---------------------- ##

This file was extended by scj config.status 0.7.0, which was
generated by GNU Autoconf 2.65.  Invocation command line was

  CONFIG_FILES    = 
  CONFIG_HEADERS  = 
  CONFIG_LINKS    = 
  CONFIG_COMMANDS = 
  $ ./config.status 

on sharpay

config.status:723: creating Makefile
config.status:723: creating RealMakefile

## ---------------------- ##
## Running config.status. ##
## ---------------------- ##

This file was extended by scj config.status 0.7.0, which was
generated by GNU Autoconf 2.65.  Invocation command line was

  CONFIG_FILES    = 
  CONFIG_HEADERS  = 
  CONFIG_LINKS    = 
  CONFIG_COMMANDS = 
  $ ./config.status 

on sharpay

config.status:723: creating Makefile
config.status:723: creating RealMakefile

## ---------------------- ##
## Running config.status. ##
## ---------------------- ##

This file was extended by scj config.status 0.7.0, which was
generated by GNU Autoconf 2.65.  Invocation command line was

  CONFIG_FILES    = 
  CONFIG_HEADERS  = 
  CONFIG_LINKS    = 
  CONFIG_COMMANDS = 
  $ ./config.status 

on sharpay

config.status:723: creating Makefile
config.status:723: creating RealMakefile

## ---------------------- ##
## Running config.status. ##
## ---------------------- ##

This file was extended by scj config.status 0.7.0, which was
generated by GNU Autoconf 2.65.  Invocation command line was

  CONFIG_FILES    = 
  CONFIG_HEADERS  = 
  CONFIG_LINKS    = 
  CONFIG_COMMANDS = 
  $ ./config.status 

on sharpay

config.status:723: creating Makefile
config.status:723: creating RealMakefile

## ---------------------- ##
## Running config.status. ##
## ---------------------- ##

This file was extended by scj config.status 0.7.0, which was
generated by GNU Autoconf 2.65.  Invocation command line was

  CONFIG_FILES    = 
  CONFIG_HEADERS  = 
  CONFIG_LINKS    = 
  CONFIG_COMMANDS = 
  $ ./config.status 

on sharpay

config.status:723: creating Makefile
config.status:723: creating RealMakefile

## ---------------------- ##
## Running config.status. ##
## ---------------------- ##

This file was extended by scj config.status 0.7.0, which was
generated by GNU Autoconf 2.65.  Invocation command line was

  CONFIG_FILES    = 
  CONFIG_HEADERS  = 
  CONFIG_LINKS    = 
  CONFIG_COMMANDS = 
  $ ./config.status 

on sharpay

config.status:723: creating Makefile
config.status:723: creating RealMakefile

## ---------------------- ##
## Running config.status. ##
## ---------------------- ##

This file was extended by scj config.status 0.7.0, which was
generated by GNU Autoconf 2.65.  Invocation command line was

  CONFIG_FILES    = 
  CONFIG_HEADERS  = 
  CONFIG_LINKS    = 
  CONFIG_COMMANDS = 
  $ ./config.status 

on sharpay

config.status:723: creating Makefile
config.status:723: creating RealMakefile

## ---------------------- ##
## Running config.status. ##
## ---------------------- ##

This file was extended by scj config.status 0.7.0, which was
generated by GNU Autoconf 2.65.  Invocation command line was

  CONFIG_FILES    = 
  CONFIG_HEADERS  = 
  CONFIG_LINKS    = 
  CONFIG_COMMANDS = 
  $ ./config.status 

on sharpay

config.status:723: creating Makefile
config.status:723: creating RealMakefile

## ---------------------- ##
## Running config.status. ##
## ---------------------- ##

This file was extended by scj config.status 0.7.0, which was
generated by GNU Autoconf 2.65.  Invocation command line was

  CONFIG_FILES    = 
  CONFIG_HEADERS  = 
  CONFIG_LINKS    = 
  CONFIG_COMMANDS = 
  $ ./config.status 

on sharpay

config.status:723: creating Makefile
config.status:723: creating RealMakefile

## ---------------------- ##
## Running config.status. ##
## ---------------------- ##

This file was extended by scj config.status 0.7.0, which was
generated by GNU Autoconf 2.65.  Invocation command line was

  CONFIG_FILES    = 
  CONFIG_HEADERS  = 
  CONFIG_LINKS    = 
  CONFIG_COMMANDS = 
  $ ./config.status 

on sharpay

config.status:723: creating Makefile
config.status:723: creating RealMakefile

## ---------------------- ##
## Running config.status. ##
## ---------------------- ##

This file was extended by scj config.status 0.7.0, which was
generated by GNU Autoconf 2.65.  Invocation command line was

  CONFIG_FILES    = 
  CONFIG_HEADERS  = 
  CONFIG_LINKS    = 
  CONFIG_COMMANDS = 
  $ ./config.status 

on sharpay

config.status:723: creating Makefile
config.status:723: creating RealMakefile

## ---------------------- ##
## Running config.status. ##
## ---------------------- ##

This file was extended by scj config.status 0.7.0, which was
generated by GNU Autoconf 2.65.  Invocation command line was

  CONFIG_FILES    = 
  CONFIG_HEADERS  = 
  CONFIG_LINKS    = 
  CONFIG_COMMANDS = 
  $ ./config.status 

on sharpay

config.status:723: creating Makefile
config.status:723: creating RealMakefile

## ---------------------- ##
## Running config.status. ##
## ---------------------- ##

This file was extended by scj config.status 0.7.0, which was
generated by GNU Autoconf 2.65.  Invocation command line was

  CONFIG_FILES    = 
  CONFIG_HEADERS  = 
  CONFIG_LINKS    = 
  CONFIG_COMMANDS = 
  $ ./config.status 

on sharpay

config.status:723: creating Makefile
config.status:723: creating RealMakefile

## ---------------------- ##
## Running config.status. ##
## ---------------------- ##

This file was extended by scj config.status 0.7.0, which was
generated by GNU Autoconf 2.65.  Invocation command line was

  CONFIG_FILES    = 
  CONFIG_HEADERS  = 
  CONFIG_LINKS    = 
  CONFIG_COMMANDS = 
  $ ./config.status 

on sharpay

config.status:723: creating Makefile
config.status:723: creating RealMakefile

## ---------------------- ##
## Running config.status. ##
## ---------------------- ##

This file was extended by scj config.status 0.7.0, which was
generated by GNU Autoconf 2.65.  Invocation command line was

  CONFIG_FILES    = 
  CONFIG_HEADERS  = 
  CONFIG_LINKS    = 
  CONFIG_COMMANDS = 
  $ ./config.status 

on sharpay

config.status:723: creating Makefile
config.status:723: creating RealMakefile

## ---------------------- ##
## Running config.status. ##
## ---------------------- ##

This file was extended by scj config.status 0.7.0, which was
generated by GNU Autoconf 2.65.  Invocation command line was

  CONFIG_FILES    = 
  CONFIG_HEADERS  = 
  CONFIG_LINKS    = 
  CONFIG_COMMANDS = 
  $ ./config.status 

on sharpay

config.status:723: creating Makefile
config.status:723: creating RealMakefile

## ---------------------- ##
## Running config.status. ##
## ---------------------- ##

This file was extended by scj config.status 0.7.0, which was
generated by GNU Autoconf 2.65.  Invocation command line was

  CONFIG_FILES    = 
  CONFIG_HEADERS  = 
  CONFIG_LINKS    = 
  CONFIG_COMMANDS = 
  $ ./config.status 

on sharpay

config.status:723: creating Makefile
config.status:723: creating RealMakefile

## ---------------------- ##
## Running config.status. ##
## ---------------------- ##

This file was extended by scj config.status 0.7.0, which was
generated by GNU Autoconf 2.65.  Invocation command line was

  CONFIG_FILES    = 
  CONFIG_HEADERS  = 
  CONFIG_LINKS    = 
  CONFIG_COMMANDS = 
  $ ./config.status 

on sharpay

config.status:723: creating Makefile
config.status:723: creating RealMakefile

## ---------------------- ##
## Running config.status. ##
## ---------------------- ##

This file was extended by scj config.status 0.7.0, which was
generated by GNU Autoconf 2.65.  Invocation command line was

  CONFIG_FILES    = 
  CONFIG_HEADERS  = 
  CONFIG_LINKS    = 
  CONFIG_COMMANDS = 
  $ ./config.status 

on sharpay

config.status:723: creating Makefile
config.status:723: creating RealMakefile

## ---------------------- ##
## Running config.status. ##
## ---------------------- ##

This file was extended by scj config.status 0.7.0, which was
generated by GNU Autoconf 2.65.  Invocation command line was

  CONFIG_FILES    = 
  CONFIG_HEADERS  = 
  CONFIG_LINKS    = 
  CONFIG_COMMANDS = 
  $ ./config.status 

on sharpay

config.status:723: creating Makefile
config.status:723: creating RealMakefile

## ---------------------- ##
## Running config.status. ##
## ---------------------- ##

This file was extended by scj config.status 0.7.0, which was
generated by GNU Autoconf 2.65.  Invocation command line was

  CONFIG_FILES    = 
  CONFIG_HEADERS  = 
  CONFIG_LINKS    = 
  CONFIG_COMMANDS = 
  $ ./config.status 

on sharpay

config.status:723: creating Makefile
config.status:723: creating RealMakefile

## ---------------------- ##
## Running config.status. ##
## ---------------------- ##

This file was extended by scj config.status 0.7.0, which was
generated by GNU Autoconf 2.65.  Invocation command line was

  CONFIG_FILES    = 
  CONFIG_HEADERS  = 
  CONFIG_LINKS    = 
  CONFIG_COMMANDS = 
  $ ./config.status 

on sharpay

config.status:723: creating Makefile
config.status:723: creating RealMakefile

## ---------------------- ##
## Running config.status. ##
## ---------------------- ##

This file was extended by scj config.status 0.7.0, which was
generated by GNU Autoconf 2.65.  Invocation command line was

  CONFIG_FILES    = 
  CONFIG_HEADERS  = 
  CONFIG_LINKS    = 
  CONFIG_COMMANDS = 
  $ ./config.status 

on sharpay

config.status:723: creating Makefile
config.status:723: creating RealMakefile

## ---------------------- ##
## Running config.status. ##
## ---------------------- ##

This file was extended by scj config.status 0.7.0, which was
generated by GNU Autoconf 2.65.  Invocation command line was

  CONFIG_FILES    = 
  CONFIG_HEADERS  = 
  CONFIG_LINKS    = 
  CONFIG_COMMANDS = 
  $ ./config.status 

on sharpay

config.status:723: creating Makefile
config.status:723: creating RealMakefile

## ---------------------- ##
## Running config.status. ##
## ---------------------- ##

This file was extended by scj config.status 0.7.0, which was
generated by GNU Autoconf 2.65.  Invocation command line was

  CONFIG_FILES    = 
  CONFIG_HEADERS  = 
  CONFIG_LINKS    = 
  CONFIG_COMMANDS = 
  $ ./config.status 

on sharpay

config.status:723: creating Makefile
config.status:723: creating RealMakefile

## ---------------------- ##
## Running config.status. ##
## ---------------------- ##

This file was extended by scj config.status 0.7.0, which was
generated by GNU Autoconf 2.65.  Invocation command line was

  CONFIG_FILES    = 
  CONFIG_HEADERS  = 
  CONFIG_LINKS    = 
  CONFIG_COMMANDS = 
  $ ./config.status 

on sharpay

config.status:723: creating Makefile
config.status:723: creating RealMakefile

## ---------------------- ##
## Running config.status. ##
## ---------------------- ##

This file was extended by scj config.status 0.7.0, which was
generated by GNU Autoconf 2.65.  Invocation command line was

  CONFIG_FILES    = 
  CONFIG_HEADERS  = 
  CONFIG_LINKS    = 
  CONFIG_COMMANDS = 
  $ ./config.status 

on sharpay

config.status:723: creating Makefile
config.status:723: creating RealMakefile

## ---------------------- ##
## Running config.status. ##
## ---------------------- ##

This file was extended by scj config.status 0.7.0, which was
generated by GNU Autoconf 2.65.  Invocation command line was

  CONFIG_FILES    = 
  CONFIG_HEADERS  = 
  CONFIG_LINKS    = 
  CONFIG_COMMANDS = 
  $ ./config.status 

on sharpay

config.status:723: creating Makefile
config.status:723: creating RealMakefile

## ---------------------- ##
## Running config.status. ##
## ---------------------- ##

This file was extended by scj config.status 0.7.0, which was
generated by GNU Autoconf 2.65.  Invocation command line was

  CONFIG_FILES    = 
  CONFIG_HEADERS  = 
  CONFIG_LINKS    = 
  CONFIG_COMMANDS = 
  $ ./config.status 

on sharpay

config.status:723: creating Makefile
config.status:723: creating RealMakefile

## ---------------------- ##
## Running config.status. ##
## ---------------------- ##

This file was extended by scj config.status 0.7.0, which was
generated by GNU Autoconf 2.65.  Invocation command line was

  CONFIG_FILES    = 
  CONFIG_HEADERS  = 
  CONFIG_LINKS    = 
  CONFIG_COMMANDS = 
  $ ./config.status 

on sharpay

config.status:723: creating Makefile
config.status:723: creating RealMakefile

## ---------------------- ##
## Running config.status. ##
## ---------------------- ##

This file was extended by scj config.status 0.7.0, which was
generated by GNU Autoconf 2.65.  Invocation command line was

  CONFIG_FILES    = 
  CONFIG_HEADERS  = 
  CONFIG_LINKS    = 
  CONFIG_COMMANDS = 
  $ ./config.status 

on sharpay

config.status:723: creating Makefile
config.status:723: creating RealMakefile

## ---------------------- ##
## Running config.status. ##
## ---------------------- ##

This file was extended by scj config.status 0.7.0, which was
generated by GNU Autoconf 2.65.  Invocation command line was

  CONFIG_FILES    = 
  CONFIG_HEADERS  = 
  CONFIG_LINKS    = 
  CONFIG_COMMANDS = 
  $ ./config.status 

on sharpay

config.status:723: creating Makefile
config.status:723: creating RealMakefile

## ---------------------- ##
## Running config.status. ##
## ---------------------- ##

This file was extended by scj config.status 0.7.0, which was
generated by GNU Autoconf 2.65.  Invocation command line was

  CONFIG_FILES    = 
  CONFIG_HEADERS  = 
  CONFIG_LINKS    = 
  CONFIG_COMMANDS = 
  $ ./config.status 

on sharpay

config.status:723: creating Makefile
config.status:723: creating RealMakefile

## ---------------------- ##
## Running config.status. ##
## ---------------------- ##

This file was extended by scj config.status 0.7.0, which was
generated by GNU Autoconf 2.65.  Invocation command line was

  CONFIG_FILES    = 
  CONFIG_HEADERS  = 
  CONFIG_LINKS    = 
  CONFIG_COMMANDS = 
  $ ./config.status 

on sharpay

config.status:723: creating Makefile
config.status:723: creating RealMakefile

## ---------------------- ##
## Running config.status. ##
## ---------------------- ##

This file was extended by scj config.status 0.7.0, which was
generated by GNU Autoconf 2.65.  Invocation command line was

  CONFIG_FILES    = 
  CONFIG_HEADERS  = 
  CONFIG_LINKS    = 
  CONFIG_COMMANDS = 
  $ ./config.status 

on sharpay

config.status:723: creating Makefile
config.status:723: creating RealMakefile

## ---------------------- ##
## Running config.status. ##
## ---------------------- ##

This file was extended by scj config.status 0.7.0, which was
generated by GNU Autoconf 2.65.  Invocation command line was

  CONFIG_FILES    = 
  CONFIG_HEADERS  = 
  CONFIG_LINKS    = 
  CONFIG_COMMANDS = 
  $ ./config.status 

on sharpay

config.status:723: creating Makefile
config.status:723: creating RealMakefile

## ---------------------- ##
## Running config.status. ##
## ---------------------- ##

This file was extended by scj config.status 0.7.0, which was
generated by GNU Autoconf 2.65.  Invocation command line was

  CONFIG_FILES    = 
  CONFIG_HEADERS  = 
  CONFIG_LINKS    = 
  CONFIG_COMMANDS = 
  $ ./config.status 

on sharpay

config.status:723: creating Makefile
config.status:723: creating RealMakefile

## ---------------------- ##
## Running config.status. ##
## ---------------------- ##

This file was extended by scj config.status 0.7.0, which was
generated by GNU Autoconf 2.65.  Invocation command line was

  CONFIG_FILES    = 
  CONFIG_HEADERS  = 
  CONFIG_LINKS    = 
  CONFIG_COMMANDS = 
  $ ./config.status 

on sharpay

config.status:723: creating Makefile
config.status:723: creating RealMakefile

## ---------------------- ##
## Running config.status. ##
## ---------------------- ##

This file was extended by scj config.status 0.7.0, which was
generated by GNU Autoconf 2.65.  Invocation command line was

  CONFIG_FILES    = 
  CONFIG_HEADERS  = 
  CONFIG_LINKS    = 
  CONFIG_COMMANDS = 
  $ ./config.status 

on sharpay

config.status:723: creating Makefile
config.status:723: creating RealMakefile

## ---------------------- ##
## Running config.status. ##
## ---------------------- ##

This file was extended by scj config.status 0.7.0, which was
generated by GNU Autoconf 2.65.  Invocation command line was

  CONFIG_FILES    = 
  CONFIG_HEADERS  = 
  CONFIG_LINKS    = 
  CONFIG_COMMANDS = 
  $ ./config.status 

on sharpay

config.status:723: creating Makefile
config.status:723: creating RealMakefile

## ---------------------- ##
## Running config.status. ##
## ---------------------- ##

This file was extended by scj config.status 0.7.0, which was
generated by GNU Autoconf 2.65.  Invocation command line was

  CONFIG_FILES    = 
  CONFIG_HEADERS  = 
  CONFIG_LINKS    = 
  CONFIG_COMMANDS = 
  $ ./config.status 

on sharpay

config.status:723: creating Makefile
config.status:723: creating RealMakefile

## ---------------------- ##
## Running config.status. ##
## ---------------------- ##

This file was extended by scj config.status 0.7.0, which was
generated by GNU Autoconf 2.65.  Invocation command line was

  CONFIG_FILES    = 
  CONFIG_HEADERS  = 
  CONFIG_LINKS    = 
  CONFIG_COMMANDS = 
  $ ./config.status 

on sharpay

config.status:723: creating Makefile
config.status:723: creating RealMakefile

## ---------------------- ##
## Running config.status. ##
## ---------------------- ##

This file was extended by scj config.status 0.7.0, which was
generated by GNU Autoconf 2.65.  Invocation command line was

  CONFIG_FILES    = 
  CONFIG_HEADERS  = 
  CONFIG_LINKS    = 
  CONFIG_COMMANDS = 
  $ ./config.status 

on sharpay

config.status:723: creating Makefile
config.status:723: creating RealMakefile

## ---------------------- ##
## Running config.status. ##
## ---------------------- ##

This file was extended by scj config.status 0.7.0, which was
generated by GNU Autoconf 2.65.  Invocation command line was

  CONFIG_FILES    = 
  CONFIG_HEADERS  = 
  CONFIG_LINKS    = 
  CONFIG_COMMANDS = 
  $ ./config.status 

on sharpay

config.status:723: creating Makefile
config.status:723: creating RealMakefile

## ---------------------- ##
## Running config.status. ##
## ---------------------- ##

This file was extended by scj config.status 0.7.0, which was
generated by GNU Autoconf 2.65.  Invocation command line was

  CONFIG_FILES    = 
  CONFIG_HEADERS  = 
  CONFIG_LINKS    = 
  CONFIG_COMMANDS = 
  $ ./config.status 

on sharpay

config.status:723: creating Makefile
config.status:723: creating RealMakefile

## ---------------------- ##
## Running config.status. ##
## ---------------------- ##

This file was extended by scj config.status 0.7.0, which was
generated by GNU Autoconf 2.65.  Invocation command line was

  CONFIG_FILES    = 
  CONFIG_HEADERS  = 
  CONFIG_LINKS    = 
  CONFIG_COMMANDS = 
  $ ./config.status 

on sharpay

config.status:723: creating Makefile
config.status:723: creating RealMakefile

## ---------------------- ##
## Running config.status. ##
## ---------------------- ##

This file was extended by scj config.status 0.7.0, which was
generated by GNU Autoconf 2.65.  Invocation command line was

  CONFIG_FILES    = 
  CONFIG_HEADERS  = 
  CONFIG_LINKS    = 
  CONFIG_COMMANDS = 
  $ ./config.status 

on sharpay

config.status:723: creating Makefile
config.status:723: creating RealMakefile

## ---------------------- ##
## Running config.status. ##
## ---------------------- ##

This file was extended by scj config.status 0.7.0, which was
generated by GNU Autoconf 2.65.  Invocation command line was

  CONFIG_FILES    = 
  CONFIG_HEADERS  = 
  CONFIG_LINKS    = 
  CONFIG_COMMANDS = 
  $ ./config.status 

on sharpay

config.status:723: creating Makefile
config.status:723: creating RealMakefile

## ---------------------- ##
## Running config.status. ##
## ---------------------- ##

This file was extended by scj config.status 0.7.0, which was
generated by GNU Autoconf 2.65.  Invocation command line was

  CONFIG_FILES    = 
  CONFIG_HEADERS  = 
  CONFIG_LINKS    = 
  CONFIG_COMMANDS = 
  $ ./config.status 

on sharpay

config.status:723: creating Makefile
config.status:723: creating RealMakefile

## ---------------------- ##
## Running config.status. ##
## ---------------------- ##

This file was extended by scj config.status 0.7.0, which was
generated by GNU Autoconf 2.65.  Invocation command line was

  CONFIG_FILES    = 
  CONFIG_HEADERS  = 
  CONFIG_LINKS    = 
  CONFIG_COMMANDS = 
  $ ./config.status 

on sharpay

config.status:723: creating Makefile
config.status:723: creating RealMakefile

## ---------------------- ##
## Running config.status. ##
## ---------------------- ##

This file was extended by scj config.status 0.7.0, which was
generated by GNU Autoconf 2.65.  Invocation command line was

  CONFIG_FILES    = 
  CONFIG_HEADERS  = 
  CONFIG_LINKS    = 
  CONFIG_COMMANDS = 
  $ ./config.status 

on sharpay

config.status:723: creating Makefile
config.status:723: creating RealMakefile

## ---------------------- ##
## Running config.status. ##
## ---------------------- ##

This file was extended by scj config.status 0.7.0, which was
generated by GNU Autoconf 2.65.  Invocation command line was

  CONFIG_FILES    = 
  CONFIG_HEADERS  = 
  CONFIG_LINKS    = 
  CONFIG_COMMANDS = 
  $ ./config.status 

on sharpay

config.status:723: creating Makefile
config.status:723: creating RealMakefile

## ---------------------- ##
## Running config.status. ##
## ---------------------- ##

This file was extended by scj config.status 0.7.0, which was
generated by GNU Autoconf 2.65.  Invocation command line was

  CONFIG_FILES    = 
  CONFIG_HEADERS  = 
  CONFIG_LINKS    = 
  CONFIG_COMMANDS = 
  $ ./config.status 

on sharpay

config.status:723: creating Makefile
config.status:723: creating RealMakefile

## ---------------------- ##
## Running config.status. ##
## ---------------------- ##

This file was extended by scj config.status 0.7.0, which was
generated by GNU Autoconf 2.65.  Invocation command line was

  CONFIG_FILES    = 
  CONFIG_HEADERS  = 
  CONFIG_LINKS    = 
  CONFIG_COMMANDS = 
  $ ./config.status 

on sharpay

config.status:723: creating Makefile
config.status:723: creating RealMakefile

## ---------------------- ##
## Running config.status. ##
## ---------------------- ##

This file was extended by scj config.status 0.7.0, which was
generated by GNU Autoconf 2.65.  Invocation command line was

  CONFIG_FILES    = 
  CONFIG_HEADERS  = 
  CONFIG_LINKS    = 
  CONFIG_COMMANDS = 
  $ ./config.status 

on sharpay

config.status:723: creating Makefile
config.status:723: creating RealMakefile

## ---------------------- ##
## Running config.status. ##
## ---------------------- ##

This file was extended by scj config.status 0.7.0, which was
generated by GNU Autoconf 2.65.  Invocation command line was

  CONFIG_FILES    = 
  CONFIG_HEADERS  = 
  CONFIG_LINKS    = 
  CONFIG_COMMANDS = 
  $ ./config.status 

on sharpay

config.status:723: creating Makefile
config.status:723: creating RealMakefile

## ---------------------- ##
## Running config.status. ##
## ---------------------- ##

This file was extended by scj config.status 0.7.0, which was
generated by GNU Autoconf 2.65.  Invocation command line was

  CONFIG_FILES    = 
  CONFIG_HEADERS  = 
  CONFIG_LINKS    = 
  CONFIG_COMMANDS = 
  $ ./config.status 

on sharpay

config.status:723: creating Makefile
config.status:723: creating RealMakefile

## ---------------------- ##
## Running config.status. ##
## ---------------------- ##

This file was extended by scj config.status 0.7.0, which was
generated by GNU Autoconf 2.65.  Invocation command line was

  CONFIG_FILES    = 
  CONFIG_HEADERS  = 
  CONFIG_LINKS    = 
  CONFIG_COMMANDS = 
  $ ./config.status 

on sharpay

config.status:723: creating Makefile
config.status:723: creating RealMakefile

## ---------------------- ##
## Running config.status. ##
## ---------------------- ##

This file was extended by scj config.status 0.7.0, which was
generated by GNU Autoconf 2.65.  Invocation command line was

  CONFIG_FILES    = 
  CONFIG_HEADERS  = 
  CONFIG_LINKS    = 
  CONFIG_COMMANDS = 
  $ ./config.status 

on sharpay

config.status:723: creating Makefile
config.status:723: creating RealMakefile

## ---------------------- ##
## Running config.status. ##
## ---------------------- ##

This file was extended by scj config.status 0.7.0, which was
generated by GNU Autoconf 2.65.  Invocation command line was

  CONFIG_FILES    = 
  CONFIG_HEADERS  = 
  CONFIG_LINKS    = 
  CONFIG_COMMANDS = 
  $ ./config.status 

on sharpay

config.status:723: creating Makefile
config.status:723: creating RealMakefile

## ---------------------- ##
## Running config.status. ##
## ---------------------- ##

This file was extended by scj config.status 0.7.0, which was
generated by GNU Autoconf 2.65.  Invocation command line was

  CONFIG_FILES    = 
  CONFIG_HEADERS  = 
  CONFIG_LINKS    = 
  CONFIG_COMMANDS = 
  $ ./config.status 

on sharpay

config.status:723: creating Makefile
config.status:723: creating RealMakefile

## ---------------------- ##
## Running config.status. ##
## ---------------------- ##

This file was extended by scj config.status 0.7.0, which was
generated by GNU Autoconf 2.65.  Invocation command line was

  CONFIG_FILES    = 
  CONFIG_HEADERS  = 
  CONFIG_LINKS    = 
  CONFIG_COMMANDS = 
  $ ./config.status 

on sharpay

config.status:723: creating Makefile
config.status:723: creating RealMakefile

## ---------------------- ##
## Running config.status. ##
## ---------------------- ##

This file was extended by scj config.status 0.7.0, which was
generated by GNU Autoconf 2.65.  Invocation command line was

  CONFIG_FILES    = 
  CONFIG_HEADERS  = 
  CONFIG_LINKS    = 
  CONFIG_COMMANDS = 
  $ ./config.status 

on sharpay

config.status:723: creating Makefile
config.status:723: creating RealMakefile

## ---------------------- ##
## Running config.status. ##
## ---------------------- ##

This file was extended by scj config.status 0.7.0, which was
generated by GNU Autoconf 2.65.  Invocation command line was

  CONFIG_FILES    = 
  CONFIG_HEADERS  = 
  CONFIG_LINKS    = 
  CONFIG_COMMANDS = 
  $ ./config.status 

on sharpay

config.status:723: creating Makefile
config.status:723: creating RealMakefile

## ---------------------- ##
## Running config.status. ##
## ---------------------- ##

This file was extended by scj config.status 0.7.0, which was
generated by GNU Autoconf 2.65.  Invocation command line was

  CONFIG_FILES    = 
  CONFIG_HEADERS  = 
  CONFIG_LINKS    = 
  CONFIG_COMMANDS = 
  $ ./config.status 

on sharpay

config.status:723: creating Makefile
config.status:723: creating RealMakefile

## ---------------------- ##
## Running config.status. ##
## ---------------------- ##

This file was extended by scj config.status 0.7.0, which was
generated by GNU Autoconf 2.65.  Invocation command line was

  CONFIG_FILES    = 
  CONFIG_HEADERS  = 
  CONFIG_LINKS    = 
  CONFIG_COMMANDS = 
  $ ./config.status 

on sharpay

config.status:723: creating Makefile
config.status:723: creating RealMakefile

## ---------------------- ##
## Running config.status. ##
## ---------------------- ##

This file was extended by scj config.status 0.7.0, which was
generated by GNU Autoconf 2.65.  Invocation command line was

  CONFIG_FILES    = 
  CONFIG_HEADERS  = 
  CONFIG_LINKS    = 
  CONFIG_COMMANDS = 
  $ ./config.status 

on sharpay

config.status:723: creating Makefile
config.status:723: creating RealMakefile

## ---------------------- ##
## Running config.status. ##
## ---------------------- ##

This file was extended by scj config.status 0.7.0, which was
generated by GNU Autoconf 2.65.  Invocation command line was

  CONFIG_FILES    = 
  CONFIG_HEADERS  = 
  CONFIG_LINKS    = 
  CONFIG_COMMANDS = 
  $ ./config.status 

on sharpay

config.status:723: creating Makefile
config.status:723: creating RealMakefile

## ---------------------- ##
## Running config.status. ##
## ---------------------- ##

This file was extended by scj config.status 0.7.0, which was
generated by GNU Autoconf 2.65.  Invocation command line was

  CONFIG_FILES    = 
  CONFIG_HEADERS  = 
  CONFIG_LINKS    = 
  CONFIG_COMMANDS = 
  $ ./config.status 

on sharpay

config.status:723: creating Makefile
config.status:723: creating RealMakefile

## ---------------------- ##
## Running config.status. ##
## ---------------------- ##

This file was extended by scj config.status 0.7.0, which was
generated by GNU Autoconf 2.65.  Invocation command line was

  CONFIG_FILES    = 
  CONFIG_HEADERS  = 
  CONFIG_LINKS    = 
  CONFIG_COMMANDS = 
  $ ./config.status 

on sharpay

config.status:723: creating Makefile
config.status:723: creating RealMakefile

## ---------------------- ##
## Running config.status. ##
## ---------------------- ##

This file was extended by scj config.status 0.7.0, which was
generated by GNU Autoconf 2.65.  Invocation command line was

  CONFIG_FILES    = 
  CONFIG_HEADERS  = 
  CONFIG_LINKS    = 
  CONFIG_COMMANDS = 
  $ ./config.status 

on sharpay

config.status:723: creating Makefile
config.status:723: creating RealMakefile

## ---------------------- ##
## Running config.status. ##
## ---------------------- ##

This file was extended by scj config.status 0.7.0, which was
generated by GNU Autoconf 2.65.  Invocation command line was

  CONFIG_FILES    = 
  CONFIG_HEADERS  = 
  CONFIG_LINKS    = 
  CONFIG_COMMANDS = 
  $ ./config.status 

on sharpay

config.status:723: creating Makefile
config.status:723: creating RealMakefile

## ---------------------- ##
## Running config.status. ##
## ---------------------- ##

This file was extended by scj config.status 0.7.0, which was
generated by GNU Autoconf 2.65.  Invocation command line was

  CONFIG_FILES    = 
  CONFIG_HEADERS  = 
  CONFIG_LINKS    = 
  CONFIG_COMMANDS = 
  $ ./config.status 

on sharpay

config.status:723: creating Makefile
config.status:723: creating RealMakefile

## ---------------------- ##
## Running config.status. ##
## ---------------------- ##

This file was extended by scj config.status 0.7.0, which was
generated by GNU Autoconf 2.65.  Invocation command line was

  CONFIG_FILES    = 
  CONFIG_HEADERS  = 
  CONFIG_LINKS    = 
  CONFIG_COMMANDS = 
  $ ./config.status 

on sharpay

config.status:723: creating Makefile
config.status:723: creating RealMakefile

## ---------------------- ##
## Running config.status. ##
## ---------------------- ##

This file was extended by scj config.status 0.7.0, which was
generated by GNU Autoconf 2.65.  Invocation command line was

  CONFIG_FILES    = 
  CONFIG_HEADERS  = 
  CONFIG_LINKS    = 
  CONFIG_COMMANDS = 
  $ ./config.status 

on sharpay

config.status:723: creating Makefile
config.status:723: creating RealMakefile

## ---------------------- ##
## Running config.status. ##
## ---------------------- ##

This file was extended by scj config.status 0.7.0, which was
generated by GNU Autoconf 2.65.  Invocation command line was

  CONFIG_FILES    = 
  CONFIG_HEADERS  = 
  CONFIG_LINKS    = 
  CONFIG_COMMANDS = 
  $ ./config.status 

on sharpay

config.status:723: creating Makefile
config.status:723: creating RealMakefile

## ---------------------- ##
## Running config.status. ##
## ---------------------- ##

This file was extended by scj config.status 0.7.0, which was
generated by GNU Autoconf 2.65.  Invocation command line was

  CONFIG_FILES    = 
  CONFIG_HEADERS  = 
  CONFIG_LINKS    = 
  CONFIG_COMMANDS = 
  $ ./config.status 

on sharpay

config.status:723: creating Makefile
config.status:723: creating RealMakefile

## ---------------------- ##
## Running config.status. ##
## ---------------------- ##

This file was extended by scj config.status 0.7.0, which was
generated by GNU Autoconf 2.65.  Invocation command line was

  CONFIG_FILES    = 
  CONFIG_HEADERS  = 
  CONFIG_LINKS    = 
  CONFIG_COMMANDS = 
  $ ./config.status 

on sharpay

config.status:723: creating Makefile
config.status:723: creating RealMakefile

## ---------------------- ##
## Running config.status. ##
## ---------------------- ##

This file was extended by scj config.status 0.7.0, which was
generated by GNU Autoconf 2.65.  Invocation command line was

  CONFIG_FILES    = 
  CONFIG_HEADERS  = 
  CONFIG_LINKS    = 
  CONFIG_COMMANDS = 
  $ ./config.status 

on sharpay

config.status:723: creating Makefile
config.status:723: creating RealMakefile

## ---------------------- ##
## Running config.status. ##
## ---------------------- ##

This file was extended by scj config.status 0.7.0, which was
generated by GNU Autoconf 2.65.  Invocation command line was

  CONFIG_FILES    = 
  CONFIG_HEADERS  = 
  CONFIG_LINKS    = 
  CONFIG_COMMANDS = 
  $ ./config.status 

on sharpay

config.status:723: creating Makefile
config.status:723: creating RealMakefile

## ---------------------- ##
## Running config.status. ##
## ---------------------- ##

This file was extended by scj config.status 0.7.0, which was
generated by GNU Autoconf 2.65.  Invocation command line was

  CONFIG_FILES    = 
  CONFIG_HEADERS  = 
  CONFIG_LINKS    = 
  CONFIG_COMMANDS = 
  $ ./config.status 

on sharpay

config.status:723: creating Makefile
config.status:723: creating RealMakefile

## ---------------------- ##
## Running config.status. ##
## ---------------------- ##

This file was extended by scj config.status 0.7.0, which was
generated by GNU Autoconf 2.65.  Invocation command line was

  CONFIG_FILES    = 
  CONFIG_HEADERS  = 
  CONFIG_LINKS    = 
  CONFIG_COMMANDS = 
  $ ./config.status 

on sharpay

config.status:723: creating Makefile
config.status:723: creating RealMakefile

## ---------------------- ##
## Running config.status. ##
## ---------------------- ##

This file was extended by scj config.status 0.7.0, which was
generated by GNU Autoconf 2.65.  Invocation command line was

  CONFIG_FILES    = 
  CONFIG_HEADERS  = 
  CONFIG_LINKS    = 
  CONFIG_COMMANDS = 
  $ ./config.status 

on sharpay

config.status:723: creating Makefile
config.status:723: creating RealMakefile

## ---------------------- ##
## Running config.status. ##
## ---------------------- ##

This file was extended by scj config.status 0.7.0, which was
generated by GNU Autoconf 2.65.  Invocation command line was

  CONFIG_FILES    = 
  CONFIG_HEADERS  = 
  CONFIG_LINKS    = 
  CONFIG_COMMANDS = 
  $ ./config.status 

on sharpay

config.status:723: creating Makefile
config.status:723: creating RealMakefile

## ---------------------- ##
## Running config.status. ##
## ---------------------- ##

This file was extended by scj config.status 0.7.0, which was
generated by GNU Autoconf 2.65.  Invocation command line was

  CONFIG_FILES    = 
  CONFIG_HEADERS  = 
  CONFIG_LINKS    = 
  CONFIG_COMMANDS = 
  $ ./config.status 

on sharpay

config.status:723: creating Makefile
config.status:723: creating RealMakefile

## ---------------------- ##
## Running config.status. ##
## ---------------------- ##

This file was extended by scj config.status 0.7.0, which was
generated by GNU Autoconf 2.65.  Invocation command line was

  CONFIG_FILES    = 
  CONFIG_HEADERS  = 
  CONFIG_LINKS    = 
  CONFIG_COMMANDS = 
  $ ./config.status 

on sharpay

config.status:723: creating Makefile
config.status:723: creating RealMakefile

## ---------------------- ##
## Running config.status. ##
## ---------------------- ##

This file was extended by scj config.status 0.7.0, which was
generated by GNU Autoconf 2.65.  Invocation command line was

  CONFIG_FILES    = 
  CONFIG_HEADERS  = 
  CONFIG_LINKS    = 
  CONFIG_COMMANDS = 
  $ ./config.status 

on sharpay

config.status:723: creating Makefile
config.status:723: creating RealMakefile

## ---------------------- ##
## Running config.status. ##
## ---------------------- ##

This file was extended by scj config.status 0.7.0, which was
generated by GNU Autoconf 2.65.  Invocation command line was

  CONFIG_FILES    = 
  CONFIG_HEADERS  = 
  CONFIG_LINKS    = 
  CONFIG_COMMANDS = 
  $ ./config.status 

on sharpay

config.status:723: creating Makefile
config.status:723: creating RealMakefile

## ---------------------- ##
## Running config.status. ##
## ---------------------- ##

This file was extended by scj config.status 0.7.0, which was
generated by GNU Autoconf 2.65.  Invocation command line was

  CONFIG_FILES    = 
  CONFIG_HEADERS  = 
  CONFIG_LINKS    = 
  CONFIG_COMMANDS = 
  $ ./config.status 

on sharpay

config.status:723: creating Makefile
config.status:723: creating RealMakefile

## ---------------------- ##
## Running config.status. ##
## ---------------------- ##

This file was extended by scj config.status 0.7.0, which was
generated by GNU Autoconf 2.65.  Invocation command line was

  CONFIG_FILES    = 
  CONFIG_HEADERS  = 
  CONFIG_LINKS    = 
  CONFIG_COMMANDS = 
  $ ./config.status 

on sharpay

config.status:723: creating Makefile
config.status:723: creating RealMakefile

## ---------------------- ##
## Running config.status. ##
## ---------------------- ##

This file was extended by scj config.status 0.7.0, which was
generated by GNU Autoconf 2.65.  Invocation command line was

  CONFIG_FILES    = 
  CONFIG_HEADERS  = 
  CONFIG_LINKS    = 
  CONFIG_COMMANDS = 
  $ ./config.status 

on sharpay

config.status:723: creating Makefile
config.status:723: creating RealMakefile

## ---------------------- ##
## Running config.status. ##
## ---------------------- ##

This file was extended by scj config.status 0.7.0, which was
generated by GNU Autoconf 2.65.  Invocation command line was

  CONFIG_FILES    = 
  CONFIG_HEADERS  = 
  CONFIG_LINKS    = 
  CONFIG_COMMANDS = 
  $ ./config.status 

on sharpay

config.status:723: creating Makefile
config.status:723: creating RealMakefile

## ---------------------- ##
## Running config.status. ##
## ---------------------- ##

This file was extended by scj config.status 0.7.0, which was
generated by GNU Autoconf 2.65.  Invocation command line was

  CONFIG_FILES    = 
  CONFIG_HEADERS  = 
  CONFIG_LINKS    = 
  CONFIG_COMMANDS = 
  $ ./config.status 

on sharpay

config.status:723: creating Makefile
config.status:723: creating RealMakefile

## ---------------------- ##
## Running config.status. ##
## ---------------------- ##

This file was extended by scj config.status 0.7.0, which was
generated by GNU Autoconf 2.65.  Invocation command line was

  CONFIG_FILES    = 
  CONFIG_HEADERS  = 
  CONFIG_LINKS    = 
  CONFIG_COMMANDS = 
  $ ./config.status 

on sharpay

config.status:723: creating Makefile
config.status:723: creating RealMakefile

## ---------------------- ##
## Running config.status. ##
## ---------------------- ##

This file was extended by scj config.status 0.7.0, which was
generated by GNU Autoconf 2.65.  Invocation command line was

  CONFIG_FILES    = 
  CONFIG_HEADERS  = 
  CONFIG_LINKS    = 
  CONFIG_COMMANDS = 
  $ ./config.status 

on sharpay

config.status:723: creating Makefile
config.status:723: creating RealMakefile

## ---------------------- ##
## Running config.status. ##
## ---------------------- ##

This file was extended by scj config.status 0.7.0, which was
generated by GNU Autoconf 2.65.  Invocation command line was

  CONFIG_FILES    = 
  CONFIG_HEADERS  = 
  CONFIG_LINKS    = 
  CONFIG_COMMANDS = 
  $ ./config.status 

on sharpay

config.status:723: creating Makefile
config.status:723: creating RealMakefile

## ---------------------- ##
## Running config.status. ##
## ---------------------- ##

This file was extended by scj config.status 0.7.0, which was
generated by GNU Autoconf 2.65.  Invocation command line was

  CONFIG_FILES    = 
  CONFIG_HEADERS  = 
  CONFIG_LINKS    = 
  CONFIG_COMMANDS = 
  $ ./config.status 

on sharpay

config.status:723: creating Makefile
config.status:723: creating RealMakefile

## ---------------------- ##
## Running config.status. ##
## ---------------------- ##

This file was extended by scj config.status 0.7.0, which was
generated by GNU Autoconf 2.65.  Invocation command line was

  CONFIG_FILES    = 
  CONFIG_HEADERS  = 
  CONFIG_LINKS    = 
  CONFIG_COMMANDS = 
  $ ./config.status 

on sharpay

config.status:723: creating Makefile
config.status:723: creating RealMakefile

## ---------------------- ##
## Running config.status. ##
## ---------------------- ##

This file was extended by scj config.status 0.7.0, which was
generated by GNU Autoconf 2.65.  Invocation command line was

  CONFIG_FILES    = 
  CONFIG_HEADERS  = 
  CONFIG_LINKS    = 
  CONFIG_COMMANDS = 
  $ ./config.status 

on sharpay

config.status:723: creating Makefile
config.status:723: creating RealMakefile

## ---------------------- ##
## Running config.status. ##
## ---------------------- ##

This file was extended by scj config.status 0.7.0, which was
generated by GNU Autoconf 2.65.  Invocation command line was

  CONFIG_FILES    = 
  CONFIG_HEADERS  = 
  CONFIG_LINKS    = 
  CONFIG_COMMANDS = 
  $ ./config.status 

on sharpay

config.status:723: creating Makefile
config.status:723: creating RealMakefile

## ---------------------- ##
## Running config.status. ##
## ---------------------- ##

This file was extended by scj config.status 0.7.0, which was
generated by GNU Autoconf 2.65.  Invocation command line was

  CONFIG_FILES    = 
  CONFIG_HEADERS  = 
  CONFIG_LINKS    = 
  CONFIG_COMMANDS = 
  $ ./config.status 

on sharpay

config.status:723: creating Makefile
config.status:723: creating RealMakefile

## ---------------------- ##
## Running config.status. ##
## ---------------------- ##

This file was extended by scj config.status 0.7.0, which was
generated by GNU Autoconf 2.65.  Invocation command line was

  CONFIG_FILES    = 
  CONFIG_HEADERS  = 
  CONFIG_LINKS    = 
  CONFIG_COMMANDS = 
  $ ./config.status 

on sharpay

config.status:723: creating Makefile
config.status:723: creating RealMakefile

## ---------------------- ##
## Running config.status. ##
## ---------------------- ##

This file was extended by scj config.status 0.7.0, which was
generated by GNU Autoconf 2.65.  Invocation command line was

  CONFIG_FILES    = 
  CONFIG_HEADERS  = 
  CONFIG_LINKS    = 
  CONFIG_COMMANDS = 
  $ ./config.status 

on sharpay

config.status:723: creating Makefile
config.status:723: creating RealMakefile

## ---------------------- ##
## Running config.status. ##
## ---------------------- ##

This file was extended by scj config.status 0.7.0, which was
generated by GNU Autoconf 2.65.  Invocation command line was

  CONFIG_FILES    = 
  CONFIG_HEADERS  = 
  CONFIG_LINKS    = 
  CONFIG_COMMANDS = 
  $ ./config.status 

on sharpay

config.status:723: creating Makefile
config.status:723: creating RealMakefile

## ---------------------- ##
## Running config.status. ##
## ---------------------- ##

This file was extended by scj config.status 0.7.0, which was
generated by GNU Autoconf 2.65.  Invocation command line was

  CONFIG_FILES    = 
  CONFIG_HEADERS  = 
  CONFIG_LINKS    = 
  CONFIG_COMMANDS = 
  $ ./config.status 

on sharpay

config.status:723: creating Makefile
config.status:723: creating RealMakefile

## ---------------------- ##
## Running config.status. ##
## ---------------------- ##

This file was extended by scj config.status 0.7.0, which was
generated by GNU Autoconf 2.65.  Invocation command line was

  CONFIG_FILES    = 
  CONFIG_HEADERS  = 
  CONFIG_LINKS    = 
  CONFIG_COMMANDS = 
  $ ./config.status 

on sharpay

config.status:723: creating Makefile
config.status:723: creating RealMakefile

## ---------------------- ##
## Running config.status. ##
## ---------------------- ##

This file was extended by scj config.status 0.7.0, which was
generated by GNU Autoconf 2.65.  Invocation command line was

  CONFIG_FILES    = 
  CONFIG_HEADERS  = 
  CONFIG_LINKS    = 
  CONFIG_COMMANDS = 
  $ ./config.status 

on sharpay

config.status:723: creating Makefile
config.status:723: creating RealMakefile

## ---------------------- ##
## Running config.status. ##
## ---------------------- ##

This file was extended by scj config.status 0.7.0, which was
generated by GNU Autoconf 2.65.  Invocation command line was

  CONFIG_FILES    = 
  CONFIG_HEADERS  = 
  CONFIG_LINKS    = 
  CONFIG_COMMANDS = 
  $ ./config.status 

on sharpay

config.status:723: creating Makefile
config.status:723: creating RealMakefile

## ---------------------- ##
## Running config.status. ##
## ---------------------- ##

This file was extended by scj config.status 0.7.0, which was
generated by GNU Autoconf 2.65.  Invocation command line was

  CONFIG_FILES    = 
  CONFIG_HEADERS  = 
  CONFIG_LINKS    = 
  CONFIG_COMMANDS = 
  $ ./config.status 

on sharpay

config.status:723: creating Makefile
config.status:723: creating RealMakefile

## ---------------------- ##
## Running config.status. ##
## ---------------------- ##

This file was extended by scj config.status 0.7.0, which was
generated by GNU Autoconf 2.65.  Invocation command line was

  CONFIG_FILES    = 
  CONFIG_HEADERS  = 
  CONFIG_LINKS    = 
  CONFIG_COMMANDS = 
  $ ./config.status 

on sharpay

config.status:723: creating Makefile
config.status:723: creating RealMakefile

## ---------------------- ##
## Running config.status. ##
## ---------------------- ##

This file was extended by scj config.status 0.7.0, which was
generated by GNU Autoconf 2.65.  Invocation command line was

  CONFIG_FILES    = 
  CONFIG_HEADERS  = 
  CONFIG_LINKS    = 
  CONFIG_COMMANDS = 
  $ ./config.status 

on sharpay

config.status:723: creating Makefile
config.status:723: creating RealMakefile

## ---------------------- ##
## Running config.status. ##
## ---------------------- ##

This file was extended by scj config.status 0.7.0, which was
generated by GNU Autoconf 2.65.  Invocation command line was

  CONFIG_FILES    = 
  CONFIG_HEADERS  = 
  CONFIG_LINKS    = 
  CONFIG_COMMANDS = 
  $ ./config.status 

on sharpay

config.status:723: creating Makefile
config.status:723: creating RealMakefile

## ---------------------- ##
## Running config.status. ##
## ---------------------- ##

This file was extended by scj config.status 0.7.0, which was
generated by GNU Autoconf 2.65.  Invocation command line was

  CONFIG_FILES    = 
  CONFIG_HEADERS  = 
  CONFIG_LINKS    = 
  CONFIG_COMMANDS = 
  $ ./config.status 

on sharpay

config.status:723: creating Makefile
config.status:723: creating RealMakefile

## ---------------------- ##
## Running config.status. ##
## ---------------------- ##

This file was extended by scj config.status 0.7.0, which was
generated by GNU Autoconf 2.65.  Invocation command line was

  CONFIG_FILES    = 
  CONFIG_HEADERS  = 
  CONFIG_LINKS    = 
  CONFIG_COMMANDS = 
  $ ./config.status 

on sharpay

config.status:723: creating Makefile
config.status:723: creating RealMakefile

## ---------------------- ##
## Running config.status. ##
## ---------------------- ##

This file was extended by scj config.status 0.7.0, which was
generated by GNU Autoconf 2.65.  Invocation command line was

  CONFIG_FILES    = 
  CONFIG_HEADERS  = 
  CONFIG_LINKS    = 
  CONFIG_COMMANDS = 
  $ ./config.status 

on sharpay

config.status:723: creating Makefile
config.status:723: creating RealMakefile

## ---------------------- ##
## Running config.status. ##
## ---------------------- ##

This file was extended by scj config.status 0.7.0, which was
generated by GNU Autoconf 2.65.  Invocation command line was

  CONFIG_FILES    = 
  CONFIG_HEADERS  = 
  CONFIG_LINKS    = 
  CONFIG_COMMANDS = 
  $ ./config.status 

on sharpay

config.status:723: creating Makefile
config.status:723: creating RealMakefile

## ---------------------- ##
## Running config.status. ##
## ---------------------- ##

This file was extended by scj config.status 0.7.0, which was
generated by GNU Autoconf 2.65.  Invocation command line was

  CONFIG_FILES    = 
  CONFIG_HEADERS  = 
  CONFIG_LINKS    = 
  CONFIG_COMMANDS = 
  $ ./config.status 

on sharpay

config.status:723: creating Makefile
config.status:723: creating RealMakefile

## ---------------------- ##
## Running config.status. ##
## ---------------------- ##

This file was extended by scj config.status 0.7.0, which was
generated by GNU Autoconf 2.65.  Invocation command line was

  CONFIG_FILES    = 
  CONFIG_HEADERS  = 
  CONFIG_LINKS    = 
  CONFIG_COMMANDS = 
  $ ./config.status 

on sharpay

config.status:723: creating Makefile
config.status:723: creating RealMakefile

## ---------------------- ##
## Running config.status. ##
## ---------------------- ##

This file was extended by scj config.status 0.7.0, which was
generated by GNU Autoconf 2.65.  Invocation command line was

  CONFIG_FILES    = 
  CONFIG_HEADERS  = 
  CONFIG_LINKS    = 
  CONFIG_COMMANDS = 
  $ ./config.status 

on sharpay

config.status:723: creating Makefile
config.status:723: creating RealMakefile

## ---------------------- ##
## Running config.status. ##
## ---------------------- ##

This file was extended by scj config.status 0.7.0, which was
generated by GNU Autoconf 2.65.  Invocation command line was

  CONFIG_FILES    = 
  CONFIG_HEADERS  = 
  CONFIG_LINKS    = 
  CONFIG_COMMANDS = 
  $ ./config.status 

on sharpay

config.status:723: creating Makefile
config.status:723: creating RealMakefile

## ---------------------- ##
## Running config.status. ##
## ---------------------- ##

This file was extended by scj config.status 0.7.0, which was
generated by GNU Autoconf 2.65.  Invocation command line was

  CONFIG_FILES    = 
  CONFIG_HEADERS  = 
  CONFIG_LINKS    = 
  CONFIG_COMMANDS = 
  $ ./config.status 

on sharpay

config.status:723: creating Makefile
config.status:723: creating RealMakefile

## ---------------------- ##
## Running config.status. ##
## ---------------------- ##

This file was extended by scj config.status 0.7.0, which was
generated by GNU Autoconf 2.65.  Invocation command line was

  CONFIG_FILES    = 
  CONFIG_HEADERS  = 
  CONFIG_LINKS    = 
  CONFIG_COMMANDS = 
  $ ./config.status 

on sharpay

config.status:723: creating Makefile
config.status:723: creating RealMakefile

## ---------------------- ##
## Running config.status. ##
## ---------------------- ##

This file was extended by scj config.status 0.7.0, which was
generated by GNU Autoconf 2.65.  Invocation command line was

  CONFIG_FILES    = 
  CONFIG_HEADERS  = 
  CONFIG_LINKS    = 
  CONFIG_COMMANDS = 
  $ ./config.status 

on sharpay

config.status:723: creating Makefile
config.status:723: creating RealMakefile

## ---------------------- ##
## Running config.status. ##
## ---------------------- ##

This file was extended by scj config.status 0.7.0, which was
generated by GNU Autoconf 2.65.  Invocation command line was

  CONFIG_FILES    = 
  CONFIG_HEADERS  = 
  CONFIG_LINKS    = 
  CONFIG_COMMANDS = 
  $ ./config.status 

on sharpay

config.status:723: creating Makefile
config.status:723: creating RealMakefile

## ---------------------- ##
## Running config.status. ##
## ---------------------- ##

This file was extended by scj config.status 0.7.0, which was
generated by GNU Autoconf 2.65.  Invocation command line was

  CONFIG_FILES    = 
  CONFIG_HEADERS  = 
  CONFIG_LINKS    = 
  CONFIG_COMMANDS = 
  $ ./config.status 

on sharpay

config.status:723: creating Makefile
config.status:723: creating RealMakefile

## ---------------------- ##
## Running config.status. ##
## ---------------------- ##

This file was extended by scj config.status 0.7.0, which was
generated by GNU Autoconf 2.65.  Invocation command line was

  CONFIG_FILES    = 
  CONFIG_HEADERS  = 
  CONFIG_LINKS    = 
  CONFIG_COMMANDS = 
  $ ./config.status 

on sharpay

config.status:723: creating Makefile
config.status:723: creating RealMakefile

## ---------------------- ##
## Running config.status. ##
## ---------------------- ##

This file was extended by scj config.status 0.7.0, which was
generated by GNU Autoconf 2.65.  Invocation command line was

  CONFIG_FILES    = 
  CONFIG_HEADERS  = 
  CONFIG_LINKS    = 
  CONFIG_COMMANDS = 
  $ ./config.status 

on sharpay

config.status:723: creating Makefile
config.status:723: creating RealMakefile

## ---------------------- ##
## Running config.status. ##
## ---------------------- ##

This file was extended by scj config.status 0.7.0, which was
generated by GNU Autoconf 2.65.  Invocation command line was

  CONFIG_FILES    = 
  CONFIG_HEADERS  = 
  CONFIG_LINKS    = 
  CONFIG_COMMANDS = 
  $ ./config.status 

on sharpay

config.status:723: creating Makefile
config.status:723: creating RealMakefile

## ---------------------- ##
## Running config.status. ##
## ---------------------- ##

This file was extended by scj config.status 0.7.0, which was
generated by GNU Autoconf 2.65.  Invocation command line was

  CONFIG_FILES    = 
  CONFIG_HEADERS  = 
  CONFIG_LINKS    = 
  CONFIG_COMMANDS = 
  $ ./config.status 

on sharpay

config.status:723: creating Makefile
config.status:723: creating RealMakefile

## ---------------------- ##
## Running config.status. ##
## ---------------------- ##

This file was extended by scj config.status 0.7.0, which was
generated by GNU Autoconf 2.65.  Invocation command line was

  CONFIG_FILES    = 
  CONFIG_HEADERS  = 
  CONFIG_LINKS    = 
  CONFIG_COMMANDS = 
  $ ./config.status 

on sharpay

config.status:723: creating Makefile
config.status:723: creating RealMakefile

## ---------------------- ##
## Running config.status. ##
## ---------------------- ##

This file was extended by scj config.status 0.7.0, which was
generated by GNU Autoconf 2.65.  Invocation command line was

  CONFIG_FILES    = 
  CONFIG_HEADERS  = 
  CONFIG_LINKS    = 
  CONFIG_COMMANDS = 
  $ ./config.status 

on sharpay

config.status:723: creating Makefile
config.status:723: creating RealMakefile

## ---------------------- ##
## Running config.status. ##
## ---------------------- ##

This file was extended by scj config.status 0.7.0, which was
generated by GNU Autoconf 2.65.  Invocation command line was

  CONFIG_FILES    = 
  CONFIG_HEADERS  = 
  CONFIG_LINKS    = 
  CONFIG_COMMANDS = 
  $ ./config.status 

on sharpay

config.status:723: creating Makefile
config.status:723: creating RealMakefile

## ---------------------- ##
## Running config.status. ##
## ---------------------- ##

This file was extended by scj config.status 0.7.0, which was
generated by GNU Autoconf 2.65.  Invocation command line was

  CONFIG_FILES    = 
  CONFIG_HEADERS  = 
  CONFIG_LINKS    = 
  CONFIG_COMMANDS = 
  $ ./config.status 

on sharpay

config.status:723: creating Makefile
config.status:723: creating RealMakefile

## ---------------------- ##
## Running config.status. ##
## ---------------------- ##

This file was extended by scj config.status 0.7.0, which was
generated by GNU Autoconf 2.65.  Invocation command line was

  CONFIG_FILES    = 
  CONFIG_HEADERS  = 
  CONFIG_LINKS    = 
  CONFIG_COMMANDS = 
  $ ./config.status 

on sharpay

config.status:723: creating Makefile
config.status:723: creating RealMakefile

## ---------------------- ##
## Running config.status. ##
## ---------------------- ##

This file was extended by scj config.status 0.7.0, which was
generated by GNU Autoconf 2.65.  Invocation command line was

  CONFIG_FILES    = 
  CONFIG_HEADERS  = 
  CONFIG_LINKS    = 
  CONFIG_COMMANDS = 
  $ ./config.status 

on sharpay

config.status:723: creating Makefile
config.status:723: creating RealMakefile
